0 info it worked if it ends with ok
1 verbose cli [ 'node',
1 verbose cli   '/usr/local/lib/node_modules/cnpm/node_modules/.bin/npm',
1 verbose cli   '--userconfig=/Users/zhufeng/.cnpmrc',
1 verbose cli   '--disturl=https://npm.taobao.org/mirrors/node',
1 verbose cli   '--cache=/Users/zhufeng/.cnpm',
1 verbose cli   '--registry=https://registry.npm.taobao.org',
1 verbose cli   '--node-gyp=/usr/local/lib/node_modules/cnpm/node_modules/pangyp/bin/node-gyp.js',
1 verbose cli   'install',
1 verbose cli   'fis-postpackager-simpl',
1 verbose cli   '-g' ]
2 info using npm@2.7.6
3 info using node@v0.12.7
4 verbose install initial load of /usr/local/lib/package.json
5 verbose readDependencies loading dependencies from /usr/local/lib/package.json
6 silly cache add args [ 'fis-postpackager-simpl', null ]
7 verbose cache add spec fis-postpackager-simpl
8 silly cache add parsed spec { raw: 'fis-postpackager-simpl',
8 silly cache add   scope: null,
8 silly cache add   name: 'fis-postpackager-simpl',
8 silly cache add   rawSpec: '',
8 silly cache add   spec: '*',
8 silly cache add   type: 'range' }
9 silly addNamed fis-postpackager-simpl@*
10 verbose addNamed "*" is a valid semver range for fis-postpackager-simpl
11 silly addNameRange { name: 'fis-postpackager-simpl', range: '*', hasData: false }
12 silly mapToRegistry name fis-postpackager-simpl
13 silly mapToRegistry using default registry
14 silly mapToRegistry registry https://registry.npm.taobao.org/
15 silly mapToRegistry uri https://registry.npm.taobao.org/fis-postpackager-simpl
16 verbose addNameRange registry:https://registry.npm.taobao.org/fis-postpackager-simpl not in flight; fetching
17 verbose request uri https://registry.npm.taobao.org/fis-postpackager-simpl
18 verbose request no auth needed
19 info attempt registry request try #1 at 15:27:47
20 verbose request id a99ed6f86f51aae9
21 http request GET https://registry.npm.taobao.org/fis-postpackager-simpl
22 http 404 https://registry.npm.taobao.org/fis-postpackager-simpl
23 verbose headers { server: 'CouchDB/1.5.0 (Erlang OTP/R16B03)',
23 verbose headers   'content-type': 'application/json',
23 verbose headers   'cache-control': 'max-age=0',
23 verbose headers   'content-length': '51',
23 verbose headers   'accept-ranges': 'bytes',
23 verbose headers   date: 'Tue, 21 Jul 2015 07:27:49 GMT',
23 verbose headers   via: '1.1 varnish',
23 verbose headers   age: '0',
23 verbose headers   connection: 'close',
23 verbose headers   'x-served-by': 'cache-lax1421-LAX',
23 verbose headers   'x-cache': 'MISS',
23 verbose headers   'x-cache-hits': '0',
23 verbose headers   'x-timer': 'S1437463669.362564,VS0,VE339' }
24 silly get cb [ 404,
24 silly get   { server: 'CouchDB/1.5.0 (Erlang OTP/R16B03)',
24 silly get     'content-type': 'application/json',
24 silly get     'cache-control': 'max-age=0',
24 silly get     'content-length': '51',
24 silly get     'accept-ranges': 'bytes',
24 silly get     date: 'Tue, 21 Jul 2015 07:27:49 GMT',
24 silly get     via: '1.1 varnish',
24 silly get     age: '0',
24 silly get     connection: 'close',
24 silly get     'x-served-by': 'cache-lax1421-LAX',
24 silly get     'x-cache': 'MISS',
24 silly get     'x-cache-hits': '0',
24 silly get     'x-timer': 'S1437463669.362564,VS0,VE339' } ]
25 verbose stack Error: 404 Not Found: fis-postpackager-simpl
25 verbose stack     at CachingRegistryClient.<anonymous> (/usr/local/lib/node_modules/cnpm/node_modules/npm/node_modules/npm-registry-client/lib/request.js:245:14)
25 verbose stack     at Request._callback (/usr/local/lib/node_modules/cnpm/node_modules/npm/node_modules/npm-registry-client/lib/request.js:170:14)
25 verbose stack     at Request.self.callback (/usr/local/lib/node_modules/cnpm/node_modules/npm/node_modules/request/request.js:360:22)
25 verbose stack     at Request.emit (events.js:110:17)
25 verbose stack     at Request.<anonymous> (/usr/local/lib/node_modules/cnpm/node_modules/npm/node_modules/request/request.js:1202:14)
25 verbose stack     at Request.emit (events.js:129:20)
25 verbose stack     at IncomingMessage.<anonymous> (/usr/local/lib/node_modules/cnpm/node_modules/npm/node_modules/request/request.js:1150:12)
25 verbose stack     at IncomingMessage.emit (events.js:129:20)
25 verbose stack     at _stream_readable.js:908:16
25 verbose stack     at process._tickCallback (node.js:355:11)
26 verbose statusCode 404
27 verbose pkgid fis-postpackager-simpl
28 verbose cwd /Users/zhufeng/Desktop/未命名文件夹/ngGather/static
29 error Darwin 14.1.1
30 error argv "node" "/usr/local/lib/node_modules/cnpm/node_modules/.bin/npm" "--userconfig=/Users/zhufeng/.cnpmrc" "--disturl=https://npm.taobao.org/mirrors/node" "--cache=/Users/zhufeng/.cnpm" "--registry=https://registry.npm.taobao.org" "--node-gyp=/usr/local/lib/node_modules/cnpm/node_modules/pangyp/bin/node-gyp.js" "install" "fis-postpackager-simpl" "-g"
31 error node v0.12.7
32 error npm  v2.7.6
33 error code E404
34 error 404 Not Found: fis-postpackager-simpl
34 error 404
34 error 404 'fis-postpackager-simpl' is not in the npm registry.
34 error 404 You should bug the author to publish it (or use the name yourself!)
34 error 404
34 error 404 Note that you can also install from a
34 error 404 tarball, folder, http url, or git url.
35 verbose exit [ 1, true ]
